Flow report for counter_ipcore
Fri Sep 24 20:44:14 2021
Quartus II 64-Bit Version 13.1.0 Build 162 10/23/2013 SJ Full Version


---------------------
; Table of Contents ;
---------------------
  1. Legal Notice
  2. Flow Summary
  3. Flow Settings
  4. Flow Non-Default Global Settings
  5. Flow Elapsed Time
  6. Flow OS Summary
  7. Flow Log
  8. Flow Messages
  9. Flow Suppressed Messages



----------------
; Legal Notice ;
----------------
Copyright (C) 1991-2013 Altera Corporation
Your use of Altera Corporation's design tools, logic functions 
and other software and tools, and its AMPP partner logic 
functions, and any output files from any of the foregoing 
(including device programming or simulation files), and any 
associated documentation or information are expressly subject 
to the terms and conditions of the Altera Program License 
Subscription Agreement, Altera MegaCore Function License 
Agreement, or other applicable license agreement, including, 
without limitation, that your use is for the sole purpose of 
programming logic devices manufactured by Altera and sold by 
Altera or its authorized distributors.  Please refer to the 
applicable agreement for further details.



+----------------------------------------------------------------------------------+
; Flow Summary                                                                     ;
+------------------------------------+---------------------------------------------+
; Flow Status                        ; Successful - Fri Sep 24 20:44:14 2021       ;
; Quartus II 64-Bit Version          ; 13.1.0 Build 162 10/23/2013 SJ Full Version ;
; Revision Name                      ; counter_ipcore                              ;
; Top-level Entity Name              ; counter_ipcore                              ;
; Family                             ; Cyclone IV E                                ;
; Device                             ; EP4CE22F17C6                                ;
; Timing Models                      ; Final                                       ;
; Total logic elements               ; 9 / 22,320 ( < 1 % )                        ;
;     Total combinational functions  ; 9 / 22,320 ( < 1 % )                        ;
;     Dedicated logic registers      ; 4 / 22,320 ( < 1 % )                        ;
; Total registers                    ; 4                                           ;
; Total pins                         ; 7 / 154 ( 5 % )                             ;
; Total virtual pins                 ; 0                                           ;
; Total memory bits                  ; 0 / 608,256 ( 0 % )                         ;
; Embedded Multiplier 9-bit elements ; 0 / 132 ( 0 % )                             ;
; Total PLLs                         ; 0 / 4 ( 0 % )                               ;
+------------------------------------+---------------------------------------------+


+-----------------------------------------+
; Flow Settings                           ;
+-------------------+---------------------+
; Option            ; Setting             ;
+-------------------+---------------------+
; Start date & time ; 09/24/2021 20:44:00 ;
; Main task         ; Compilation         ;
; Revision Name     ; counter_ipcore      ;
+-------------------+---------------------+


+---------------------------------------------------------------------------------------------------------------------------+
; Flow Non-Default Global Settings                                                                                          ;
+--------------------------------------+----------------------------------+---------------+-------------+-------------------+
; Assignment Name                      ; Value                            ; Default Value ; Entity Name ; Section Id        ;
+--------------------------------------+----------------------------------+---------------+-------------+-------------------+
; COMPILER_SIGNATURE_ID                ; 185410942076450.163248744025308  ; --            ; --          ; --                ;
; EDA_DESIGN_INSTANCE_NAME             ; NA                               ; --            ; --          ; counter_ipcore_tb ;
; EDA_NATIVELINK_SIMULATION_TEST_BENCH ; counter_ipcore_tb                ; --            ; --          ; eda_simulation    ;
; EDA_OUTPUT_DATA_FORMAT               ; Verilog Hdl                      ; --            ; --          ; eda_simulation    ;
; EDA_SIMULATION_TOOL                  ; ModelSim-Altera (Verilog)        ; <None>        ; --          ; --                ;
; EDA_TEST_BENCH_ENABLE_STATUS         ; TEST_BENCH_MODE                  ; --            ; --          ; eda_simulation    ;
; EDA_TEST_BENCH_FILE                  ; ../testbench/counter_ipcore_tb.v ; --            ; --          ; counter_ipcore_tb ;
; EDA_TEST_BENCH_MODULE_NAME           ; counter_ipcore_tb                ; --            ; --          ; counter_ipcore_tb ;
; EDA_TEST_BENCH_NAME                  ; counter_ipcore_tb                ; --            ; --          ; eda_simulation    ;
; EDA_TIME_SCALE                       ; 1 ps                             ; --            ; --          ; eda_simulation    ;
; IP_TOOL_NAME                         ; LPM_COUNTER                      ; --            ; --          ; --                ;
; IP_TOOL_VERSION                      ; 13.1                             ; --            ; --          ; --                ;
; MAX_CORE_JUNCTION_TEMP               ; 85                               ; --            ; --          ; --                ;
; MIN_CORE_JUNCTION_TEMP               ; 0                                ; --            ; --          ; --                ;
; MISC_FILE                            ; ../rtl/ip/counter_bb.v           ; --            ; --          ; --                ;
; NOMINAL_CORE_SUPPLY_VOLTAGE          ; 1.2V                             ; --            ; --          ; --                ;
; PARTITION_COLOR                      ; 16764057                         ; --            ; --          ; Top               ;
; PARTITION_FITTER_PRESERVATION_LEVEL  ; PLACEMENT_AND_ROUTING            ; --            ; --          ; Top               ;
; PARTITION_NETLIST_TYPE               ; SOURCE                           ; --            ; --          ; Top               ;
; PROJECT_OUTPUT_DIRECTORY             ; output_files                     ; --            ; --          ; --                ;
+--------------------------------------+----------------------------------+---------------+-------------+-------------------+


+-------------------------------------------------------------------------------------------------------------------------------+
; Flow Elapsed Time                                                                                                             ;
+---------------------------+--------------+-------------------------+---------------------+------------------------------------+
; Module Name               ; Elapsed Time ; Average Processors Used ; Peak Virtual Memory ; Total CPU Time (on all processors) ;
+---------------------------+--------------+-------------------------+---------------------+------------------------------------+
; Analysis & Synthesis      ; 00:00:01     ; 1.0                     ; 4637 MB             ; 00:00:01                           ;
; Fitter                    ; 00:00:05     ; 1.0                     ; 5388 MB             ; 00:00:06                           ;
; Assembler                 ; 00:00:01     ; 1.0                     ; 4589 MB             ; 00:00:01                           ;
; TimeQuest Timing Analyzer ; 00:00:01     ; 1.0                     ; 4684 MB             ; 00:00:01                           ;
; EDA Netlist Writer        ; 00:00:00     ; 1.0                     ; 4547 MB             ; 00:00:00                           ;
; Total                     ; 00:00:08     ; --                      ; --                  ; 00:00:09                           ;
+---------------------------+--------------+-------------------------+---------------------+------------------------------------+


+----------------------------------------------------------------------------------------+
; Flow OS Summary                                                                        ;
+---------------------------+------------------+-----------+------------+----------------+
; Module Name               ; Machine Hostname ; OS Name   ; OS Version ; Processor type ;
+---------------------------+------------------+-----------+------------+----------------+
; Analysis & Synthesis      ; DESKTOP-I83QGIM  ; Windows 7 ; 6.2        ; x86_64         ;
; Fitter                    ; DESKTOP-I83QGIM  ; Windows 7 ; 6.2        ; x86_64         ;
; Assembler                 ; DESKTOP-I83QGIM  ; Windows 7 ; 6.2        ; x86_64         ;
; TimeQuest Timing Analyzer ; DESKTOP-I83QGIM  ; Windows 7 ; 6.2        ; x86_64         ;
; EDA Netlist Writer        ; DESKTOP-I83QGIM  ; Windows 7 ; 6.2        ; x86_64         ;
+---------------------------+------------------+-----------+------------+----------------+


------------
; Flow Log ;
------------
quartus_map --read_settings_files=on --write_settings_files=off counter_ipcore -c counter_ipcore
quartus_fit --read_settings_files=off --write_settings_files=off counter_ipcore -c counter_ipcore
quartus_asm --read_settings_files=off --write_settings_files=off counter_ipcore -c counter_ipcore
quartus_sta counter_ipcore -c counter_ipcore
quartus_eda --read_settings_files=off --write_settings_files=off counter_ipcore -c counter_ipcore



